<?xml version="1.0" encoding="UTF-8"?>
<Site BuildName="Win32-mingw32-make"
	BuildStamp="20211124-1032-Experimental"
	Name="JeppesPc"
	Generator="ctest-3.21.3"
	CompilerName="C:/MinGW/bin/x86_64-w64-mingw32-g++.exe"
	CompilerVersion="8.1.0"
	OSName="Windows"
	Hostname="JeppesPc"
	OSRelease=" Personal"
	OSVersion=" (Build 19043)"
	OSPlatform="AMD64"
	Is64Bits="1"
	VendorString="GenuineIntel"
	VendorID="Intel Corporation"
	FamilyID="6"
	ModelID="14"
	ProcessorCacheSize="-1"
	NumberOfLogicalCPU="4"
	NumberOfPhysicalCPU="2"
	TotalVirtualMemory="9759"
	TotalPhysicalMemory="8026"
	LogicalProcessorsPerPhysical="2"
	ProcessorClockFrequency="2904"
	>
	<Testing>
		<StartDateTime>Nov 24 11:42 Rom, normaltid</StartDateTime>
		<StartTestTime>1637750542</StartTestTime>
		<TestList>
			<Test>./tests/usage_test</Test>
		</TestList>
		<Test Status="passed">
			<Name>usage_test</Name>
			<Path>./tests</Path>
			<FullName>./tests/usage_test</FullName>
			<FullCommandLine>"C:\Users\bangs\Desktop\AU\Programmering\Visual studio code\assignment-12-JeppeBC\build\tests\tests.exe"</FullCommandLine>
			<Results>
				<NamedMeasurement type="numeric/double" name="Execution Time">
					<Value>0.02769</Value>
				</NamedMeasurement>
				<NamedMeasurement type="numeric/double" name="Processors">
					<Value>1</Value>
				</NamedMeasurement>
				<NamedMeasurement type="text/string" name="Completion Status">
					<Value>Completed</Value>
				</NamedMeasurement>
				<NamedMeasurement type="text/string" name="Command Line">
					<Value>"C:\Users\bangs\Desktop\AU\Programmering\Visual studio code\assignment-12-JeppeBC\build\tests\tests.exe"</Value>
				</NamedMeasurement>
				<NamedMeasurement type="text/string" name="Environment">
					<Value>#CTEST_RESOURCE_GROUP_COUNT=</Value>
				</NamedMeasurement>
				<Measurement>
					<Value encoding="base64" compression="gzip">eJyztaUq4HLMyVEoSS0uKVYoSCwuTk1R0DA0VQCxikoy8/OKFTLzFAzBChSSE4tTNbm4AErOIyQ=</Value>
				</Measurement>
			</Results>
		</Test>
		<EndDateTime>Nov 24 11:42 Rom, normaltid</EndDateTime>
		<EndTestTime>1637750542</EndTestTime>
		<ElapsedMinutes>0</ElapsedMinutes>
	</Testing>
</Site>
